<?xml version="1.0" encoding="utf-8"?><testsuites name="pytest tests"><testsuite name="pytest" errors="0" failures="0" skipped="1" tests="40" time="4.795" timestamp="2026-05-02T12:57:19.097106+00:00" hostname="agent-env-3a4be02d-b92e-46d8-9044-932fe25694f9"><testcase classname="backend.tests.test_compliance.TestComplianceAuth" name="test_no_auth_blocked" time="0.243" /><testcase classname="backend.tests.test_compliance.TestComplianceAuth" name="test_detail_no_auth_blocked" time="0.106" /><testcase classname="backend.tests.test_compliance.TestComplianceMatrix" name="test_get_compliance_returns_structure" time="0.420" /><testcase classname="backend.tests.test_compliance.TestComplianceMatrix" name="test_filter_by_location" time="0.051" /><testcase classname="backend.tests.test_compliance.TestComplianceDetail" name="test_detail_endpoint_returns_entries" time="0.050" /><testcase classname="backend.tests.test_compliance.TestComplianceDetail" name="test_detail_invalid_check_key" time="0.049" /><testcase classname="backend.tests.test_compliance.TestStatusTransition" name="test_submit_daily_check_changes_status" time="0.097"><skipped type="pytest.skip" message="daily-checks submit endpoint behaviour: 404 {&quot;detail&quot;:&quot;Not Found&quot;}">/app/backend/tests/test_compliance.py:141: daily-checks submit endpoint behaviour: 404 {"detail":"Not Found"}</skipped></testcase><testcase classname="backend.tests.test_cleaning_schedules.TestCleaningItems" name="test_items_seeded[daily-cleaning-18-FRIDGE]" time="0.417" /><testcase classname="backend.tests.test_cleaning_schedules.TestCleaningItems" name="test_items_seeded[weekly-cleaning-7-RUBBISH BIN]" time="0.049" /><testcase classname="backend.tests.test_cleaning_schedules.TestCleaningItems" name="test_items_with_location[daily-cleaning-18-FRIDGE]" time="0.048" /><testcase classname="backend.tests.test_cleaning_schedules.TestCleaningItems" name="test_items_with_location[weekly-cleaning-7-RUBBISH BIN]" time="0.053" /><testcase classname="backend.tests.test_cleaning_schedules.TestCleaningItems" name="test_unauth_blocked[daily-cleaning-18-FRIDGE]" time="0.131" /><testcase classname="backend.tests.test_cleaning_schedules.TestCleaningItems" name="test_unauth_blocked[weekly-cleaning-7-RUBBISH BIN]" time="0.059" /><testcase classname="backend.tests.test_cleaning_schedules.TestCleaningItemsCRUD" name="test_create_update_delete[daily-cleaning]" time="0.241" /><testcase classname="backend.tests.test_cleaning_schedules.TestCleaningItemsCRUD" name="test_create_update_delete[weekly-cleaning]" time="0.252" /><testcase classname="backend.tests.test_cleaning_schedules.TestCleaningItemsCRUD" name="test_delete_nonexistent_404[daily-cleaning]" time="0.052" /><testcase classname="backend.tests.test_cleaning_schedules.TestCleaningItemsCRUD" name="test_delete_nonexistent_404[weekly-cleaning]" time="0.048" /><testcase classname="backend.tests.test_cleaning_schedules.TestCleaningLogs" name="test_submit_get_upsert[daily-cleaning-18]" time="0.241" /><testcase classname="backend.tests.test_cleaning_schedules.TestCleaningLogs" name="test_submit_get_upsert[weekly-cleaning-7]" time="0.247" /><testcase classname="backend.tests.test_cleaning_schedules.TestCleaningLogs" name="test_unauth_submit_blocked[daily-cleaning-18]" time="0.100" /><testcase classname="backend.tests.test_cleaning_schedules.TestCleaningLogs" name="test_unauth_submit_blocked[weekly-cleaning-7]" time="0.052" /><testcase classname="backend.tests.test_cleaning_schedules" name="test_daily_weekly_independent" time="0.143" /><testcase classname="backend.tests.test_log_forms.TestCookedTemp" name="test_get_methods" time="0.421" /><testcase classname="backend.tests.test_log_forms.TestCookedTemp" name="test_create_pass" time="0.062" /><testcase classname="backend.tests.test_log_forms.TestCookedTemp" name="test_create_fail" time="0.050" /><testcase classname="backend.tests.test_log_forms.TestCookedTemp" name="test_list_with_filter" time="0.051" /><testcase classname="backend.tests.test_log_forms.TestCookedTemp" name="test_unauth_blocked" time="0.106" /><testcase classname="backend.tests.test_log_forms.TestCookedTemp" name="test_delete" time="0.111" /><testcase classname="backend.tests.test_log_forms.TestDeliveryRecords" name="test_create_pass" time="0.049" /><testcase classname="backend.tests.test_log_forms.TestDeliveryRecords" name="test_create_chilled_fail" time="0.051" /><testcase classname="backend.tests.test_log_forms.TestDeliveryRecords" name="test_list" time="0.049" /><testcase classname="backend.tests.test_log_forms.TestDeliveryRecords" name="test_delete" time="0.094" /><testcase classname="backend.tests.test_log_forms.TestProbeCalibration" name="test_create_pass" time="0.048" /><testcase classname="backend.tests.test_log_forms.TestProbeCalibration" name="test_create_fail" time="0.045" /><testcase classname="backend.tests.test_log_forms.TestProbeCalibration" name="test_list" time="0.052" /><testcase classname="backend.tests.test_log_forms.TestProbeCalibration" name="test_delete" time="0.116" /><testcase classname="backend.tests.test_log_forms.TestLegionella" name="test_create_pass" time="0.051" /><testcase classname="backend.tests.test_log_forms.TestLegionella" name="test_create_hot_fail" time="0.047" /><testcase classname="backend.tests.test_log_forms.TestLegionella" name="test_list_filter" time="0.057" /><testcase classname="backend.tests.test_log_forms.TestLegionella" name="test_delete" time="0.097" /></testsuite></testsuites>