<?xml version="1.0" encoding="utf-8"?><testsuites name="pytest tests"><testsuite name="pytest" errors="0" failures="0" skipped="0" tests="4" time="0.773" timestamp="2026-08-24T11:25:37.334926+00:00" hostname="agent-env-3a4be02d-b92e-46d8-9044-932fe25694f9"><testcase classname="backend.tests.test_payroll" name="test_payroll_staff_no_filter" time="0.515" /><testcase classname="backend.tests.test_payroll" name="test_payroll_staff_by_location" time="0.063" /><testcase classname="backend.tests.test_payroll" name="test_payroll_summary_hours_from_daily_sales" time="0.064" /><testcase classname="backend.tests.test_payroll" name="test_payroll_csv_export" time="0.057" /></testsuite></testsuites>