<?xml version="1.0" encoding="utf-8"?><testsuites name="pytest tests"><testsuite name="pytest" errors="0" failures="0" skipped="0" tests="27" time="7.719" timestamp="2026-03-30T05:56:48.198633+00:00" hostname="agent-env-3a4be02d-b92e-46d8-9044-932fe25694f9"><testcase classname="tests.test_refactoring_regression.TestHealthAndPublicEndpoints" name="test_health_check" time="0.206" /><testcase classname="tests.test_refactoring_regression.TestHealthAndPublicEndpoints" name="test_get_locations" time="0.106" /><testcase classname="tests.test_refactoring_regression.TestHealthAndPublicEndpoints" name="test_locations_no_google_api_key" time="0.105" /><testcase classname="tests.test_refactoring_regression.TestHealthAndPublicEndpoints" name="test_get_menu_items" time="0.164" /><testcase classname="tests.test_refactoring_regression.TestHealthAndPublicEndpoints" name="test_get_featured_items" time="0.115" /><testcase classname="tests.test_refactoring_regression.TestHealthAndPublicEndpoints" name="test_get_reviews_empty" time="0.126" /><testcase classname="tests.test_refactoring_regression.TestHealthAndPublicEndpoints" name="test_get_site_status" time="0.104" /><testcase classname="tests.test_refactoring_regression.TestAuthEndpoints" name="test_login_success" time="0.328" /><testcase classname="tests.test_refactoring_regression.TestAuthEndpoints" name="test_login_invalid_credentials" time="0.325" /><testcase classname="tests.test_refactoring_regression.TestAuthEndpoints" name="test_auth_me_with_bearer_token" time="0.421" /><testcase classname="tests.test_refactoring_regression.TestAuthEndpoints" name="test_auth_me_without_token" time="0.102" /><testcase classname="tests.test_refactoring_regression.TestAuthEndpoints" name="test_refresh_token" time="0.428" /><testcase classname="tests.test_refactoring_regression.TestAuthEndpoints" name="test_logout" time="0.096" /><testcase classname="tests.test_refactoring_regression.TestAdminEndpoints" name="test_admin_orders" time="0.447" /><testcase classname="tests.test_refactoring_regression.TestAdminEndpoints" name="test_admin_orders_no_auth" time="0.432" /><testcase classname="tests.test_refactoring_regression.TestAdminEndpoints" name="test_admin_menu_items" time="0.438" /><testcase classname="tests.test_refactoring_regression.TestAdminEndpoints" name="test_admin_locations" time="0.420" /><testcase classname="tests.test_refactoring_regression.TestAdminEndpoints" name="test_admin_update_location" time="0.571" /><testcase classname="tests.test_refactoring_regression.TestAdminEndpoints" name="test_admin_residents" time="0.470" /><testcase classname="tests.test_refactoring_regression.TestAdminEndpoints" name="test_admin_transactions" time="0.420" /><testcase classname="tests.test_refactoring_regression.TestAdminEndpoints" name="test_admin_balance_summary" time="0.423" /><testcase classname="tests.test_refactoring_regression.TestAdminEndpoints" name="test_admin_site_settings" time="0.433" /><testcase classname="tests.test_refactoring_regression.TestAdminEndpoints" name="test_admin_update_site_settings" time="0.435" /><testcase classname="tests.test_refactoring_regression.TestContactEndpoint" name="test_contact_valid_submission" time="0.120" /><testcase classname="tests.test_refactoring_regression.TestContactEndpoint" name="test_contact_honeypot_trap" time="0.161" /><testcase classname="tests.test_refactoring_regression.TestContactEndpoint" name="test_contact_too_fast" time="0.107" /><testcase classname="tests.test_refactoring_regression.TestContactEndpoint" name="test_contact_missing_fields" time="0.111" /></testsuite></testsuites>