<?xml version="1.0" encoding="utf-8"?><testsuites name="pytest tests"><testsuite name="pytest" errors="0" failures="1" skipped="0" tests="12" time="4.547" timestamp="2026-03-28T11:47:46.970946+00:00" hostname="agent-env-3a4be02d-b92e-46d8-9044-932fe25694f9"><testcase classname="backend.tests.test_menu_image_features.TestMenuImageFeatures" name="test_admin_login_success" time="0.503"><failure message="AssertionError: assert 'user' in {'email': 'admin@jollys.com', 'id': '69c7643241967f370bfd6c2a', 'name': 'Admin', 'role': 'admin'}">backend/tests/test_menu_image_features.py:61: in test_admin_login_success
    assert "user" in data
E   AssertionError: assert 'user' in {'email': 'admin@jollys.com', 'id': '69c7643241967f370bfd6c2a', 'name': 'Admin', 'role': 'admin'}</failure></testcase><testcase classname="backend.tests.test_menu_image_features.TestMenuImageFeatures" name="test_toggle_image_visibility" time="0.397" /><testcase classname="backend.tests.test_menu_image_features.TestMenuImageFeatures" name="test_toggle_image_requires_auth" time="0.313" /><testcase classname="backend.tests.test_menu_image_features.TestMenuImageFeatures" name="test_toggle_image_nonexistent_item" time="0.354" /><testcase classname="backend.tests.test_menu_image_features.TestMenuImageFeatures" name="test_upload_image_endpoint_exists" time="0.354" /><testcase classname="backend.tests.test_menu_image_features.TestMenuImageFeatures" name="test_upload_image_requires_auth" time="0.315" /><testcase classname="backend.tests.test_menu_image_features.TestMenuImageFeatures" name="test_upload_image_invalid_file_type" time="0.355" /><testcase classname="backend.tests.test_menu_image_features.TestMenuImageFeatures" name="test_upload_image_nonexistent_item" time="0.355" /><testcase classname="backend.tests.test_menu_image_features.TestMenuImageFeatures" name="test_get_menu_items_includes_show_image_field" time="0.354" /><testcase classname="backend.tests.test_menu_image_features.TestMenuImageFeatures" name="test_public_menu_respects_show_image" time="0.444" /><testcase classname="backend.tests.test_menu_image_features.TestAdminMenuEndpoints" name="test_admin_get_menu_items" time="0.310" /><testcase classname="backend.tests.test_menu_image_features.TestAdminMenuEndpoints" name="test_admin_toggle_availability" time="0.397" /></testsuite></testsuites>