<?xml version="1.0" encoding="utf-8"?><testsuites name="pytest tests"><testsuite name="pytest" errors="0" failures="0" skipped="0" tests="18" time="1.669" timestamp="2026-05-02T11:44:41.343328+00:00" hostname="agent-env-3a4be02d-b92e-46d8-9044-932fe25694f9"><testcase classname="backend.tests.test_log_forms.TestCookedTemp" name="test_get_methods" time="0.491" /><testcase classname="backend.tests.test_log_forms.TestCookedTemp" name="test_create_pass" time="0.053" /><testcase classname="backend.tests.test_log_forms.TestCookedTemp" name="test_create_fail" time="0.046" /><testcase classname="backend.tests.test_log_forms.TestCookedTemp" name="test_list_with_filter" time="0.049" /><testcase classname="backend.tests.test_log_forms.TestCookedTemp" name="test_unauth_blocked" time="0.169" /><testcase classname="backend.tests.test_log_forms.TestCookedTemp" name="test_delete" time="0.092" /><testcase classname="backend.tests.test_log_forms.TestDeliveryRecords" name="test_create_pass" time="0.053" /><testcase classname="backend.tests.test_log_forms.TestDeliveryRecords" name="test_create_chilled_fail" time="0.048" /><testcase classname="backend.tests.test_log_forms.TestDeliveryRecords" name="test_list" time="0.045" /><testcase classname="backend.tests.test_log_forms.TestDeliveryRecords" name="test_delete" time="0.091" /><testcase classname="backend.tests.test_log_forms.TestProbeCalibration" name="test_create_pass" time="0.046" /><testcase classname="backend.tests.test_log_forms.TestProbeCalibration" name="test_create_fail" time="0.046" /><testcase classname="backend.tests.test_log_forms.TestProbeCalibration" name="test_list" time="0.046" /><testcase classname="backend.tests.test_log_forms.TestProbeCalibration" name="test_delete" time="0.090" /><testcase classname="backend.tests.test_log_forms.TestLegionella" name="test_create_pass" time="0.046" /><testcase classname="backend.tests.test_log_forms.TestLegionella" name="test_create_hot_fail" time="0.045" /><testcase classname="backend.tests.test_log_forms.TestLegionella" name="test_list_filter" time="0.044" /><testcase classname="backend.tests.test_log_forms.TestLegionella" name="test_delete" time="0.088" /></testsuite></testsuites>