<?xml version="1.0" encoding="utf-8"?><testsuites name="pytest tests"><testsuite name="pytest" errors="0" failures="0" skipped="0" tests="16" time="2.953" timestamp="2026-05-08T19:47:03.955706+00:00" hostname="agent-env-3a4be02d-b92e-46d8-9044-932fe25694f9"><testcase classname="backend.tests.test_deliveries.TestAuthGates" name="test_suppliers_list_unauth" time="0.359" /><testcase classname="backend.tests.test_deliveries.TestAuthGates" name="test_suppliers_post_unauth" time="0.181" /><testcase classname="backend.tests.test_deliveries.TestAuthGates" name="test_records_list_unauth" time="0.148" /><testcase classname="backend.tests.test_deliveries.TestAuthGates" name="test_records_post_unauth" time="0.142" /><testcase classname="backend.tests.test_deliveries.TestSuppliers" name="test_list_returns_array" time="0.536" /><testcase classname="backend.tests.test_deliveries.TestSuppliers" name="test_create_supplier" time="0.075" /><testcase classname="backend.tests.test_deliveries.TestSuppliers" name="test_create_supplier_empty_name_400" time="0.066" /><testcase classname="backend.tests.test_deliveries.TestSuppliers" name="test_list_sorted_by_name" time="0.379" /><testcase classname="backend.tests.test_deliveries.TestSuppliers" name="test_delete_supplier_404" time="0.069" /><testcase classname="backend.tests.test_deliveries.TestSuppliers" name="test_delete_supplier_ok" time="0.205" /><testcase classname="backend.tests.test_deliveries.TestRecords" name="test_create_chilled_pass" time="0.143" /><testcase classname="backend.tests.test_deliveries.TestRecords" name="test_create_frozen_pass" time="0.078" /><testcase classname="backend.tests.test_deliveries.TestRecords" name="test_create_out_of_range" time="0.069" /><testcase classname="backend.tests.test_deliveries.TestRecords" name="test_list_records_excludes_id_and_sorted_desc" time="0.072" /><testcase classname="backend.tests.test_deliveries.TestRecords" name="test_delete_record_404" time="0.064" /><testcase classname="backend.tests.test_deliveries.TestRecords" name="test_delete_records_ok" time="0.281" /></testsuite></testsuites>