<?xml version="1.0" encoding="utf-8"?><testsuites name="pytest tests"><testsuite name="pytest" errors="0" failures="0" skipped="0" tests="21" time="3.106" timestamp="2026-03-28T12:31:05.855119+00:00" hostname="agent-env-3a4be02d-b92e-46d8-9044-932fe25694f9"><testcase classname="tests.test_phase2_5_features.TestHealthAndBasics" name="test_health_endpoint" time="0.004" /><testcase classname="tests.test_phase2_5_features.TestCustomerAuth" name="test_customer_register_success" time="0.229" /><testcase classname="tests.test_phase2_5_features.TestCustomerAuth" name="test_customer_register_duplicate_email" time="0.228" /><testcase classname="tests.test_phase2_5_features.TestCustomerAuth" name="test_customer_login_success" time="0.449" /><testcase classname="tests.test_phase2_5_features.TestCustomerAuth" name="test_customer_login_invalid_password" time="0.224" /><testcase classname="tests.test_phase2_5_features.TestCustomerAuth" name="test_customer_me_with_token" time="0.003" /><testcase classname="tests.test_phase2_5_features.TestCustomerAuth" name="test_customer_me_without_token" time="0.002" /><testcase classname="tests.test_phase2_5_features.TestSiteStatus" name="test_get_site_status" time="0.004" /><testcase classname="tests.test_phase2_5_features.TestSiteStatus" name="test_get_site_status_all_locations" time="0.010" /><testcase classname="tests.test_phase2_5_features.TestOrders" name="test_create_order_success" time="0.229" /><testcase classname="tests.test_phase2_5_features.TestOrders" name="test_create_order_without_auth" time="0.002" /><testcase classname="tests.test_phase2_5_features.TestOrders" name="test_track_order_success" time="0.002" /><testcase classname="tests.test_phase2_5_features.TestOrders" name="test_track_order_not_found" time="0.002" /><testcase classname="tests.test_phase2_5_features.TestAdminAuth" name="test_admin_login" time="0.266" /><testcase classname="tests.test_phase2_5_features.TestAdminOrders" name="test_admin_list_orders" time="0.269" /><testcase classname="tests.test_phase2_5_features.TestAdminOrders" name="test_admin_list_orders_without_auth" time="0.002" /><testcase classname="tests.test_phase2_5_features.TestAdminOrders" name="test_admin_update_order_status_flow" time="0.363" /><testcase classname="tests.test_phase2_5_features.TestAdminOrders" name="test_admin_cancel_order" time="0.232" /><testcase classname="tests.test_phase2_5_features.TestAdminSiteSettings" name="test_admin_get_site_settings" time="0.268" /><testcase classname="tests.test_phase2_5_features.TestAdminSiteSettings" name="test_admin_update_opening_hours" time="0.088" /><testcase classname="tests.test_phase2_5_features.TestAdminSiteSettings" name="test_admin_toggle_ordering" time="0.133" /></testsuite></testsuites>