<?xml version="1.0" encoding="utf-8"?><testsuites name="pytest tests"><testsuite name="pytest" errors="0" failures="0" skipped="0" tests="6" time="1.941" timestamp="2026-05-02T10:50:51.303622+00:00" hostname="agent-env-3a4be02d-b92e-46d8-9044-932fe25694f9"><testcase classname="backend.tests.test_daily_checks" name="test_get_checklist_items" time="0.716" /><testcase classname="backend.tests.test_daily_checks" name="test_get_items_unauthenticated" time="0.104" /><testcase classname="backend.tests.test_daily_checks" name="test_submit_and_get_daily_check" time="0.576" /><testcase classname="backend.tests.test_daily_checks" name="test_history_admin" time="0.104" /><testcase classname="backend.tests.test_daily_checks" name="test_completion_grid" time="0.103" /><testcase classname="backend.tests.test_daily_checks" name="test_staff_cannot_access_history_and_completion" time="0.272" /></testsuite></testsuites>