<?xml version="1.0" encoding="utf-8"?><testsuites name="pytest tests"><testsuite name="pytest" errors="0" failures="0" skipped="0" tests="7" time="1.353" timestamp="2026-05-23T08:05:41.409902+00:00" hostname="agent-env-3a4be02d-b92e-46d8-9044-932fe25694f9"><testcase classname="backend.tests.test_bi.TestBIOverview" name="test_super_admin_can_access" time="0.488" /><testcase classname="backend.tests.test_bi.TestBIOverview" name="test_unauthenticated_blocked" time="0.140" /><testcase classname="backend.tests.test_bi.TestBIOverview" name="test_date_filtering_changes_entries" time="0.090" /><testcase classname="backend.tests.test_bi.TestBIOverview" name="test_location_filtering" time="0.085" /><testcase classname="backend.tests.test_bi.TestBIMenuCost" name="test_menu_cost_super_admin" time="0.061" /><testcase classname="backend.tests.test_bi.TestRecipePersistence" name="test_put_menu_item_with_recipe_persists_and_affects_bi" time="0.212" /><testcase classname="backend.tests.test_bi.TestStaffHourlyRate" name="test_create_and_patch_staff_hourly_rate" time="0.219" /></testsuite></testsuites>