<?xml version="1.0" encoding="utf-8"?><testsuites name="pytest tests"><testsuite name="pytest" errors="0" failures="0" skipped="0" tests="11" time="3.424" timestamp="2026-03-30T04:41:48.688577+00:00" hostname="agent-env-3a4be02d-b92e-46d8-9044-932fe25694f9"><testcase classname="backend.tests.test_google_reviews.TestGoogleReviewsEndpoint" name="test_reviews_endpoint_returns_empty_array_when_no_place_ids" time="0.140" /><testcase classname="backend.tests.test_google_reviews.TestLocationGoogleFields" name="test_public_locations_does_not_expose_google_api_key" time="0.100" /><testcase classname="backend.tests.test_google_reviews.TestLocationGoogleFields" name="test_public_locations_includes_google_place_id" time="0.106" /><testcase classname="backend.tests.test_google_reviews.TestLocationGoogleFields" name="test_public_location_by_slug_does_not_expose_google_api_key" time="0.253" /><testcase classname="backend.tests.test_google_reviews.TestLocationGoogleFields" name="test_admin_locations_includes_google_api_key" time="0.452" /><testcase classname="backend.tests.test_google_reviews.TestLocationGoogleFields" name="test_admin_update_location_with_google_place_id" time="0.661" /><testcase classname="backend.tests.test_google_reviews.TestLocationGoogleFields" name="test_admin_update_location_with_google_api_key" time="0.671" /><testcase classname="backend.tests.test_google_reviews.TestLocationGoogleFields" name="test_admin_update_location_preserves_other_fields" time="0.631" /><testcase classname="backend.tests.test_google_reviews.TestGoogleReviewsSecurityVerification" name="test_reviews_endpoint_is_public" time="0.128" /><testcase classname="backend.tests.test_google_reviews.TestGoogleReviewsSecurityVerification" name="test_admin_locations_requires_auth" time="0.099" /><testcase classname="backend.tests.test_google_reviews.TestGoogleReviewsSecurityVerification" name="test_admin_update_location_requires_auth" time="0.111" /></testsuite></testsuites>