<?xml version="1.0" encoding="utf-8"?><testsuites name="pytest tests"><testsuite name="pytest" errors="0" failures="0" skipped="0" tests="8" time="2.722" timestamp="2026-03-28T22:27:12.995644+00:00" hostname="agent-env-3a4be02d-b92e-46d8-9044-932fe25694f9"><testcase classname="tests.test_customer_verification.TestCustomerRegistrationVerification" name="test_health_check" time="0.240" /><testcase classname="tests.test_customer_verification.TestCustomerRegistrationVerification" name="test_register_returns_needs_verification" time="0.339" /><testcase classname="tests.test_customer_verification.TestCustomerRegistrationVerification" name="test_verify_with_correct_otp" time="0.446" /><testcase classname="tests.test_customer_verification.TestCustomerRegistrationVerification" name="test_verify_with_wrong_otp" time="0.436" /><testcase classname="tests.test_customer_verification.TestCustomerRegistrationVerification" name="test_verify_nonexistent_customer" time="0.114" /><testcase classname="tests.test_customer_verification.TestCustomerRegistrationVerification" name="test_duplicate_email_registration" time="0.435" /><testcase classname="tests.test_customer_verification.TestAdminLogin" name="test_admin_login_valid_credentials" time="0.325" /><testcase classname="tests.test_customer_verification.TestAdminLogin" name="test_admin_login_invalid_credentials" time="0.324" /></testsuite></testsuites>