<?xml version="1.0" encoding="utf-8"?><testsuites name="pytest tests"><testsuite name="pytest" errors="0" failures="0" skipped="0" tests="7" time="2.090" timestamp="2026-06-29T15:50:10.901776+00:00" hostname="agent-env-3a4be02d-b92e-46d8-9044-932fe25694f9"><testcase classname="backend.tests.test_invoices.TestInvoiceScanFallback" name="test_scan_returns_200_with_ai_failed" time="0.970" /><testcase classname="backend.tests.test_invoices.TestInvoiceList" name="test_list_includes_scan" time="0.143" /><testcase classname="backend.tests.test_invoices.TestInvoiceFile" name="test_file_streams_png" time="0.145" /><testcase classname="backend.tests.test_invoices.TestInvoicePatch" name="test_admin_patch_persists" time="0.248" /><testcase classname="backend.tests.test_invoices.TestInvoiceUnauth" name="test_patch_without_auth_is_401" time="0.106" /><testcase classname="backend.tests.test_invoices.TestInvoiceUnauth" name="test_delete_without_auth_is_401" time="0.154" /><testcase classname="backend.tests.test_invoices.TestInvoiceDelete" name="test_admin_delete_and_verify_404" time="0.250" /></testsuite></testsuites>