<?xml version="1.0" encoding="utf-8"?><testsuites name="pytest tests"><testsuite name="pytest" errors="0" failures="0" skipped="0" tests="11" time="1.121" timestamp="2026-03-28T12:13:33.418908+00:00" hostname="agent-env-3a4be02d-b92e-46d8-9044-932fe25694f9"><testcase classname="tests.test_thumbnail_and_dual_pricing.TestHealthAndAuth" name="test_health_endpoint" time="0.004" /><testcase classname="tests.test_thumbnail_and_dual_pricing.TestHealthAndAuth" name="test_admin_login" time="0.229" /><testcase classname="tests.test_thumbnail_and_dual_pricing.TestThumbnailGeneration" name="test_upload_image_generates_thumbnail" time="0.295" /><testcase classname="tests.test_thumbnail_and_dual_pricing.TestThumbnailGeneration" name="test_thumbnail_file_exists" time="0.064" /><testcase classname="tests.test_thumbnail_and_dual_pricing.TestThumbnailGeneration" name="test_thumbnail_endpoint_serves_file" time="0.002" /><testcase classname="tests.test_thumbnail_and_dual_pricing.TestDualPricing" name="test_menu_item_create_with_visitor_price" time="0.088" /><testcase classname="tests.test_thumbnail_and_dual_pricing.TestDualPricing" name="test_menu_item_update_visitor_price" time="0.172" /><testcase classname="tests.test_thumbnail_and_dual_pricing.TestDualPricing" name="test_admin_get_menu_items_returns_visitor_price" time="0.044" /><testcase classname="tests.test_thumbnail_and_dual_pricing.TestDualPricing" name="test_public_menu_does_not_expose_visitor_price" time="0.003" /><testcase classname="tests.test_thumbnail_and_dual_pricing.TestDualPricing" name="test_visitor_price_optional" time="0.087" /><testcase classname="tests.test_thumbnail_and_dual_pricing.TestExistingItemWithDualPricing" name="test_item_19_has_visitor_price" time="0.044" /></testsuite></testsuites>