<?xml version="1.0" encoding="utf-8"?><testsuites name="pytest tests"><testsuite name="pytest" errors="0" failures="0" skipped="2" tests="12" time="1.273" timestamp="2026-06-28T08:54:37.948662+00:00" hostname="agent-env-3a4be02d-b92e-46d8-9044-932fe25694f9"><testcase classname="tests.test_ai_rota_opening_hours.TestClampShiftToHours" name="test_shift_inside_hours_unchanged" time="0.000" /><testcase classname="tests.test_ai_rota_opening_hours.TestClampShiftToHours" name="test_shift_starting_too_early_clamped_to_30min_before_open" time="0.000" /><testcase classname="tests.test_ai_rota_opening_hours.TestClampShiftToHours" name="test_shift_ending_too_late_clamped_to_30min_after_close" time="0.000" /><testcase classname="tests.test_ai_rota_opening_hours.TestClampShiftToHours" name="test_closed_day_returns_none" time="0.000" /><testcase classname="tests.test_ai_rota_opening_hours.TestClampShiftToHours" name="test_close_le_open_rejected" time="0.000" /><testcase classname="tests.test_ai_rota_opening_hours.TestClampShiftToHours" name="test_invalid_hhmm_returns_none" time="0.000" /><testcase classname="tests.test_ai_rota_opening_hours.TestClampShiftToHours" name="test_clamped_window_below_30min_dropped" time="0.000" /><testcase classname="tests.test_ai_rota_opening_hours.TestClampShiftToHours" name="test_end_before_start_rejected" time="0.000" /><testcase classname="tests.test_ai_rota_opening_hours.TestClampShiftToHours" name="test_both_sides_clamped" time="0.000" /><testcase classname="tests.test_ai_rota_opening_hours.TestApiNoOpeningHours" name="test_empty_hours_returns_400_not_500" time="0.462" /><testcase classname="tests.test_ai_rota_opening_hours.TestApiSundayClosed" name="test_sunday_closed_results_in_no_sunday_shifts" time="0.268"><skipped type="pytest.xfail" message="AI provider unavailable in preview env: 500 {&quot;detail&quot;:&quot;AI provider error (emergent, 401): invalid x-api-key&quot;}" /></testcase><testcase classname="tests.test_ai_rota_opening_hours.TestApiSundayClosed" name="test_weekday_shifts_respect_buffer" time="0.210"><skipped type="pytest.xfail" message="AI provider unavailable: 500" /></testcase></testsuite></testsuites>