<?xml version="1.0" encoding="utf-8"?><testsuites name="pytest tests"><testsuite name="pytest" errors="0" failures="0" skipped="0" tests="25" time="3.421" timestamp="2026-05-08T20:52:05.616149+00:00" hostname="agent-env-3a4be02d-b92e-46d8-9044-932fe25694f9"><testcase classname="backend.tests.test_inventory_and_sites.TestAuthGates" name="test_inventory_list_unauth" time="0.249" /><testcase classname="backend.tests.test_inventory_and_sites.TestAuthGates" name="test_inventory_post_unauth" time="0.120" /><testcase classname="backend.tests.test_inventory_and_sites.TestAuthGates" name="test_inventory_batches_unauth" time="0.146" /><testcase classname="backend.tests.test_inventory_and_sites.TestAuthGates" name="test_inventory_batch_delete_unauth" time="0.114" /><testcase classname="backend.tests.test_inventory_and_sites.TestAuthGates" name="test_supplier_patch_unauth" time="0.148" /><testcase classname="backend.tests.test_inventory_and_sites.TestCatalogSections" name="test_catalog_has_sections_array" time="0.450" /><testcase classname="backend.tests.test_inventory_and_sites.TestCatalogSections" name="test_catalog_categories_have_section" time="0.056" /><testcase classname="backend.tests.test_inventory_and_sites.TestCatalogSections" name="test_catalog_known_section_assignments" time="0.054" /><testcase classname="backend.tests.test_inventory_and_sites.TestSupplierSitesAndPatch" name="test_create_supplier_global_sites_empty" time="0.060" /><testcase classname="backend.tests.test_inventory_and_sites.TestSupplierSitesAndPatch" name="test_create_supplier_site_scoped" time="0.280" /><testcase classname="backend.tests.test_inventory_and_sites.TestSupplierSitesAndPatch" name="test_global_visible_at_primary" time="0.054" /><testcase classname="backend.tests.test_inventory_and_sites.TestSupplierSitesAndPatch" name="test_global_visible_at_secondary" time="0.051" /><testcase classname="backend.tests.test_inventory_and_sites.TestSupplierSitesAndPatch" name="test_site_only_visible_at_primary_only" time="0.111" /><testcase classname="backend.tests.test_inventory_and_sites.TestSupplierSitesAndPatch" name="test_patch_update_name_type_info_sites" time="0.114" /><testcase classname="backend.tests.test_inventory_and_sites.TestSupplierSitesAndPatch" name="test_patch_empty_name_400" time="0.049" /><testcase classname="backend.tests.test_inventory_and_sites.TestSupplierSitesAndPatch" name="test_patch_unknown_404" time="0.049" /><testcase classname="backend.tests.test_inventory_and_sites.TestSupplierSitesAndPatch" name="test_cleanup_suppliers" time="0.125" /><testcase classname="backend.tests.test_inventory_and_sites.TestInventory" name="test_create_stock_new_item" time="0.058" /><testcase classname="backend.tests.test_inventory_and_sites.TestInventory" name="test_create_stock_increments_when_unit_matches" time="0.109" /><testcase classname="backend.tests.test_inventory_and_sites.TestInventory" name="test_create_stock_unit_mismatch_resets" time="0.112" /><testcase classname="backend.tests.test_inventory_and_sites.TestInventory" name="test_inventory_list_sorted_by_name" time="0.107" /><testcase classname="backend.tests.test_inventory_and_sites.TestInventory" name="test_list_batches_filters_and_sort" time="0.056" /><testcase classname="backend.tests.test_inventory_and_sites.TestInventory" name="test_delete_batch_decrements_when_unit_matches" time="0.228" /><testcase classname="backend.tests.test_inventory_and_sites.TestInventory" name="test_delete_batch_404" time="0.056" /><testcase classname="backend.tests.test_inventory_and_sites.TestInventory" name="test_cleanup" time="0.368" /></testsuite></testsuites>