<?xml version="1.0" encoding="utf-8"?><testsuites name="pytest tests"><testsuite name="pytest" errors="0" failures="0" skipped="0" tests="4" time="0.857" timestamp="2026-06-27T12:59:45.417794+00:00" hostname="agent-env-3a4be02d-b92e-46d8-9044-932fe25694f9"><testcase classname="backend.tests.test_staff_locations.TestStaffLocationIds" name="test_create_staff_with_two_locations" time="0.609" /><testcase classname="backend.tests.test_staff_locations.TestStaffLocationIds" name="test_patch_remove_one_location" time="0.089" /><testcase classname="backend.tests.test_staff_locations.TestStaffLocationIds" name="test_patch_clear_all_locations" time="0.043" /><testcase classname="backend.tests.test_staff_locations.TestStaffLocationIds" name="test_delete_staff_cleanup" time="0.044" /></testsuite></testsuites>