<?xml version="1.0" encoding="utf-8"?><testsuites name="pytest tests"><testsuite name="pytest" errors="0" failures="0" skipped="0" tests="16" time="5.858" timestamp="2026-03-29T19:06:56.249933+00:00" hostname="agent-env-3a4be02d-b92e-46d8-9044-932fe25694f9"><testcase classname="backend.tests.test_mobile_auth.TestLoginReturnsTokens" name="test_login_returns_access_token_in_body" time="0.440" /><testcase classname="backend.tests.test_mobile_auth.TestLoginReturnsTokens" name="test_login_returns_refresh_token_in_body" time="0.358" /><testcase classname="backend.tests.test_mobile_auth.TestLoginReturnsTokens" name="test_login_returns_user_data" time="0.352" /><testcase classname="backend.tests.test_mobile_auth.TestBearerTokenAuth" name="test_bearer_token_works_for_auth_me" time="0.465" /><testcase classname="backend.tests.test_mobile_auth.TestBearerTokenAuth" name="test_bearer_token_works_for_admin_orders" time="0.457" /><testcase classname="backend.tests.test_mobile_auth.TestBearerTokenAuth" name="test_bearer_token_works_for_admin_menu" time="0.433" /><testcase classname="backend.tests.test_mobile_auth.TestBearerTokenAuth" name="test_bearer_token_works_for_admin_site_settings" time="0.488" /><testcase classname="backend.tests.test_mobile_auth.TestBearerTokenAuth" name="test_bearer_token_works_for_admin_residents" time="0.508" /><testcase classname="backend.tests.test_mobile_auth.TestBearerTokenAuth" name="test_bearer_token_works_for_admin_transactions" time="0.474" /><testcase classname="backend.tests.test_mobile_auth.TestTokenRefresh" name="test_refresh_accepts_body_token" time="0.434" /><testcase classname="backend.tests.test_mobile_auth.TestTokenRefresh" name="test_refresh_returns_user_data" time="0.432" /><testcase classname="backend.tests.test_mobile_auth.TestNoAuthReturns401" name="test_auth_me_without_token_returns_401" time="0.140" /><testcase classname="backend.tests.test_mobile_auth.TestNoAuthReturns401" name="test_admin_orders_without_token_returns_401" time="0.170" /><testcase classname="backend.tests.test_mobile_auth.TestNoAuthReturns401" name="test_admin_menu_without_token_returns_401" time="0.164" /><testcase classname="backend.tests.test_mobile_auth.TestInvalidCredentials" name="test_login_wrong_password_returns_401" time="0.346" /><testcase classname="backend.tests.test_mobile_auth.TestInvalidCredentials" name="test_login_wrong_email_returns_401" time="0.110" /></testsuite></testsuites>