<?xml version="1.0" encoding="utf-8"?><testsuites name="pytest tests"><testsuite name="pytest" errors="0" failures="0" skipped="0" tests="13" time="1.435" timestamp="2026-05-09T09:42:57.944810+00:00" hostname="agent-env-3a4be02d-b92e-46d8-9044-932fe25694f9"><testcase classname="backend.tests.test_washers.TestAuthGate" name="test_list_requires_auth" time="0.573" /><testcase classname="backend.tests.test_washers.TestAuthGate" name="test_post_requires_auth" time="0.093" /><testcase classname="backend.tests.test_washers.TestWasherCrud" name="test_list_includes_created" time="0.084" /><testcase classname="backend.tests.test_washers.TestWasherCrud" name="test_update_name" time="0.046" /><testcase classname="backend.tests.test_washers.TestWasherCrud" name="test_update_404" time="0.042" /><testcase classname="backend.tests.test_washers.TestWasherCrud" name="test_create_empty_name_400" time="0.041" /><testcase classname="backend.tests.test_washers.TestWasherChecks" name="test_check_pass_both" time="0.083" /><testcase classname="backend.tests.test_washers.TestWasherChecks" name="test_check_fail_wash" time="0.046" /><testcase classname="backend.tests.test_washers.TestWasherChecks" name="test_check_fail_rinse" time="0.044" /><testcase classname="backend.tests.test_washers.TestWasherChecks" name="test_check_unknown_washer_404" time="0.043" /><testcase classname="backend.tests.test_washers.TestWasherChecks" name="test_list_checks_no_id_leak" time="0.082" /><testcase classname="backend.tests.test_washers.TestWasherChecks" name="test_delete_check" time="0.087" /><testcase classname="backend.tests.test_washers.TestWasherDelete" name="test_delete_404" time="0.088" /></testsuite></testsuites>