<?xml version="1.0" encoding="utf-8"?><testsuites name="pytest tests"><testsuite name="pytest" errors="0" failures="0" skipped="0" tests="18" time="2.407" timestamp="2026-05-09T13:22:09.875840+00:00" hostname="agent-env-3a4be02d-b92e-46d8-9044-932fe25694f9"><testcase classname="backend.tests.test_jkhive_specialists.TestAcidity" name="test_unauth_get" time="0.162" /><testcase classname="backend.tests.test_jkhive_specialists.TestAcidity" name="test_create_pass_then_get_then_delete" time="0.600" /><testcase classname="backend.tests.test_jkhive_specialists.TestAcidity" name="test_create_fail" time="0.100" /><testcase classname="backend.tests.test_jkhive_specialists.TestVacuum" name="test_unauth_get" time="0.045" /><testcase classname="backend.tests.test_jkhive_specialists.TestVacuum" name="test_create_pass" time="0.152" /><testcase classname="backend.tests.test_jkhive_specialists.TestVacuum" name="test_create_temp_fail" time="0.099" /><testcase classname="backend.tests.test_jkhive_specialists.TestVacuum" name="test_empty_use_by_400" time="0.051" /><testcase classname="backend.tests.test_jkhive_specialists.TestVacuum" name="test_delete_unknown" time="0.054" /><testcase classname="backend.tests.test_jkhive_specialists.TestWashing" name="test_unauth_post" time="0.044" /><testcase classname="backend.tests.test_jkhive_specialists.TestWashing" name="test_chlorine_pass" time="0.104" /><testcase classname="backend.tests.test_jkhive_specialists.TestWashing" name="test_chlorine_too_low_fail" time="0.101" /><testcase classname="backend.tests.test_jkhive_specialists.TestWashing" name="test_peracetic_pass" time="0.098" /><testcase classname="backend.tests.test_jkhive_specialists.TestWashing" name="test_other_zero_fail" time="0.100" /><testcase classname="backend.tests.test_jkhive_specialists.TestWashing" name="test_contact_min_fail" time="0.100" /><testcase classname="backend.tests.test_jkhive_specialists.TestSousVide" name="test_unauth_get" time="0.047" /><testcase classname="backend.tests.test_jkhive_specialists.TestSousVide" name="test_pass" time="0.253" /><testcase classname="backend.tests.test_jkhive_specialists.TestSousVide" name="test_temp_short_fail" time="0.109" /><testcase classname="backend.tests.test_jkhive_specialists.TestSousVide" name="test_time_short_fail" time="0.103" /></testsuite></testsuites>