<?xml version="1.0" encoding="utf-8"?><testsuites name="pytest tests"><testsuite name="pytest" errors="0" failures="0" skipped="0" tests="9" time="2.733" timestamp="2026-05-02T13:13:20.395662+00:00" hostname="agent-env-3a4be02d-b92e-46d8-9044-932fe25694f9"><testcase classname="tests.test_compliance_digest.TestRecipients" name="test_recipients_requires_auth" time="0.133" /><testcase classname="tests.test_compliance_digest.TestRecipients" name="test_recipients_admin_ok" time="0.481" /><testcase classname="tests.test_compliance_digest.TestPreviewPDF" name="test_preview_requires_auth" time="0.113" /><testcase classname="tests.test_compliance_digest.TestPreviewPDF" name="test_preview_admin_ok" time="0.208" /><testcase classname="tests.test_compliance_digest.TestSendNow" name="test_send_now_requires_auth" time="0.119" /><testcase classname="tests.test_compliance_digest.TestSendNow" name="test_send_now_admin_ok" time="1.170" /><testcase classname="tests.test_compliance_digest.TestSchedulerAndJob" name="test_job_import_and_callable" time="0.274" /><testcase classname="tests.test_compliance_digest.TestSchedulerAndJob" name="test_scheduler_log_line_present" time="0.003" /><testcase classname="tests.test_compliance_digest.TestComplianceRegression" name="test_compliance_matrix" time="0.153" /></testsuite></testsuites>