<?xml version="1.0" encoding="utf-8"?><testsuites name="pytest tests"><testsuite name="pytest" errors="0" failures="0" skipped="0" tests="12" time="4.232" timestamp="2026-05-02T11:18:13.420174+00:00" hostname="agent-env-3a4be02d-b92e-46d8-9044-932fe25694f9"><testcase classname="backend.tests.test_kitchen_closedown" name="test_get_closedown_items_returns_9_defaults" time="0.608" /><testcase classname="backend.tests.test_kitchen_closedown" name="test_get_items_unauthenticated" time="0.116" /><testcase classname="backend.tests.test_kitchen_closedown" name="test_get_items_with_location_returns_global_plus_location" time="0.226" /><testcase classname="backend.tests.test_kitchen_closedown" name="test_items_all_admin_only" time="0.268" /><testcase classname="backend.tests.test_kitchen_closedown" name="test_submit_get_upsert_history" time="0.312" /><testcase classname="backend.tests.test_kitchen_closedown" name="test_history_and_completion_admin_only" time="0.463" /><testcase classname="backend.tests.test_kitchen_closedown" name="test_items_crud_and_scope" time="0.707" /><testcase classname="backend.tests.test_kitchen_closedown" name="test_items_admin_only_gating" time="0.301" /><testcase classname="backend.tests.test_kitchen_closedown" name="test_update_nonexistent_item_returns_404" time="0.102" /><testcase classname="backend.tests.test_kitchen_closedown" name="test_delete_nonexistent_item_returns_404" time="0.102" /><testcase classname="backend.tests.test_kitchen_closedown" name="test_create_item_validation_short_text" time="0.120" /><testcase classname="backend.tests.test_kitchen_closedown" name="test_closedown_independent_from_daily_checks" time="0.843" /></testsuite></testsuites>