<?xml version="1.0" encoding="utf-8"?><testsuites name="pytest tests"><testsuite name="pytest" errors="0" failures="0" skipped="0" tests="5" time="1.330" timestamp="2026-06-27T12:31:57.616819+00:00" hostname="agent-env-3a4be02d-b92e-46d8-9044-932fe25694f9"><testcase classname="backend.tests.test_ai_rota.TestStaffWeeklyHoursTarget" name="test_create_with_weekly_hours_target_and_verify" time="0.578" /><testcase classname="backend.tests.test_ai_rota.TestAISuggestWeek" name="test_requires_auth" time="0.101" /><testcase classname="backend.tests.test_ai_rota.TestAISuggestWeek" name="test_bad_date_returns_400" time="0.093" /><testcase classname="backend.tests.test_ai_rota.TestAISuggestWeek" name="test_invalid_key_surfaces_502" time="0.221" /><testcase classname="backend.tests.test_ai_rota.TestBulkCreate" name="test_bulk_create_skips_clashes" time="0.271" /></testsuite></testsuites>