<?xml version="1.0" encoding="utf-8"?><testsuites name="pytest tests"><testsuite name="pytest" errors="0" failures="0" skipped="0" tests="5" time="1.505" timestamp="2026-06-28T19:01:19.988386+00:00" hostname="agent-env-3a4be02d-b92e-46d8-9044-932fe25694f9"><testcase classname="backend.tests.test_labour_and_bi_gating" name="test_admin_put_ai_settings_forbidden" time="0.539" /><testcase classname="backend.tests.test_labour_and_bi_gating" name="test_super_admin_get_ai_settings_ok" time="0.436" /><testcase classname="backend.tests.test_labour_and_bi_gating" name="test_summary_includes_labour_keys" time="0.105" /><testcase classname="backend.tests.test_labour_and_bi_gating" name="test_labour_cost_populated_when_rate_set" time="0.104" /><testcase classname="backend.tests.test_labour_and_bi_gating" name="test_admin_can_get_bi" time="0.171" /></testsuite></testsuites>