<?xml version="1.0" encoding="utf-8"?><testsuites name="pytest tests"><testsuite name="pytest" errors="0" failures="0" skipped="0" tests="15" time="3.185" timestamp="2026-04-25T20:06:31.673773+00:00" hostname="agent-env-3a4be02d-b92e-46d8-9044-932fe25694f9"><testcase classname="backend.tests.test_users_and_sales.TestAuthSanity" name="test_login_success_returns_super_admin" time="0.487" /><testcase classname="backend.tests.test_users_and_sales.TestAuthSanity" name="test_me_returns_super_admin_role" time="0.110" /><testcase classname="backend.tests.test_users_and_sales.TestUserManagement" name="test_list_customers_super_admin" time="0.115" /><testcase classname="backend.tests.test_users_and_sales.TestUserManagement" name="test_list_customers_unauthenticated" time="0.144" /><testcase classname="backend.tests.test_users_and_sales.TestUserManagement" name="test_update_role_invalid_role" time="0.220" /><testcase classname="backend.tests.test_users_and_sales.TestUserManagement" name="test_update_role_unknown_customer" time="0.129" /><testcase classname="backend.tests.test_users_and_sales.TestUserManagement" name="test_update_role_round_trip" time="0.693" /><testcase classname="backend.tests.test_users_and_sales.TestDailySales" name="test_create_daily_sales" time="0.290" /><testcase classname="backend.tests.test_users_and_sales.TestDailySales" name="test_update_existing_entry_same_location_date" time="0.232" /><testcase classname="backend.tests.test_users_and_sales.TestDailySales" name="test_list_with_filters" time="0.113" /><testcase classname="backend.tests.test_users_and_sales.TestDailySales" name="test_list_unauthenticated" time="0.107" /><testcase classname="backend.tests.test_users_and_sales.TestDailySales" name="test_today_endpoint" time="0.111" /><testcase classname="backend.tests.test_users_and_sales.TestDailySales" name="test_staff_names_endpoint" time="0.116" /><testcase classname="backend.tests.test_users_and_sales.TestDailySales" name="test_delete_entry" time="0.108" /><testcase classname="backend.tests.test_users_and_sales.TestDailySales" name="test_delete_nonexistent" time="0.125" /></testsuite></testsuites>