<?xml version="1.0" encoding="utf-8"?><testsuites name="pytest tests"><testsuite name="pytest" errors="0" failures="0" skipped="0" tests="13" time="2.783" timestamp="2026-03-28T21:51:55.897192+00:00" hostname="agent-env-3a4be02d-b92e-46d8-9044-932fe25694f9"><testcase classname="backend.tests.test_customer_auth.TestCustomerAuth" name="test_health_check" time="0.138" /><testcase classname="backend.tests.test_customer_auth.TestCustomerAuth" name="test_customer_register_success" time="0.332" /><testcase classname="backend.tests.test_customer_auth.TestCustomerAuth" name="test_customer_register_duplicate_email" time="0.112" /><testcase classname="backend.tests.test_customer_auth.TestCustomerAuth" name="test_customer_register_missing_fields" time="0.099" /><testcase classname="backend.tests.test_customer_auth.TestCustomerAuth" name="test_customer_login_success" time="0.650" /><testcase classname="backend.tests.test_customer_auth.TestCustomerAuth" name="test_customer_login_invalid_password" time="0.326" /><testcase classname="backend.tests.test_customer_auth.TestCustomerAuth" name="test_customer_login_nonexistent_email" time="0.212" /><testcase classname="backend.tests.test_customer_auth.TestGoogleOAuthEndpoint" name="test_google_session_endpoint_exists" time="0.094" /><testcase classname="backend.tests.test_customer_auth.TestGoogleOAuthEndpoint" name="test_google_session_missing_session_id" time="0.121" /><testcase classname="backend.tests.test_customer_auth.TestGoogleOAuthEndpoint" name="test_google_session_invalid_session_id" time="0.226" /><testcase classname="backend.tests.test_customer_auth.TestGoogleOAuthEndpoint" name="test_google_session_empty_session_id" time="0.195" /><testcase classname="backend.tests.test_customer_auth.TestCustomerMe" name="test_customer_me_without_token" time="0.094" /><testcase classname="backend.tests.test_customer_auth.TestCustomerMe" name="test_customer_me_with_invalid_token" time="0.111" /></testsuite></testsuites>