<?xml version="1.0" encoding="utf-8"?><testsuites name="pytest tests"><testsuite name="pytest" errors="0" failures="0" skipped="0" tests="53" time="0.193" timestamp="2026-04-24T12:39:05.235084+00:00" hostname="agent-env-3a4be02d-b92e-46d8-9044-932fe25694f9"><testcase classname="backend.tests.test_seo.TestSitemap" name="test_sitemap_returns_200" time="0.007" /><testcase classname="backend.tests.test_seo.TestSitemap" name="test_sitemap_content_type_xml" time="0.002" /><testcase classname="backend.tests.test_seo.TestSitemap" name="test_sitemap_valid_xml_header" time="0.005" /><testcase classname="backend.tests.test_seo.TestSitemap" name="test_sitemap_has_11_urls" time="0.002" /><testcase classname="backend.tests.test_seo.TestSitemap" name="test_sitemap_contains_all_core_pages" time="0.002" /><testcase classname="backend.tests.test_seo.TestSitemap" name="test_sitemap_contains_all_location_pages" time="0.002" /><testcase classname="backend.tests.test_seo.TestLocationMetaTags" name="test_location_returns_200[handforth-expected0]" time="0.002" /><testcase classname="backend.tests.test_seo.TestLocationMetaTags" name="test_location_returns_200[middlewich-expected1]" time="0.002" /><testcase classname="backend.tests.test_seo.TestLocationMetaTags" name="test_location_returns_200[timperley-expected2]" time="0.002" /><testcase classname="backend.tests.test_seo.TestLocationMetaTags" name="test_location_returns_200[atherton-expected3]" time="0.002" /><testcase classname="backend.tests.test_seo.TestLocationMetaTags" name="test_location_returns_200[chaddesden-expected4]" time="0.002" /><testcase classname="backend.tests.test_seo.TestLocationMetaTags" name="test_location_title[handforth-expected0]" time="0.002" /><testcase classname="backend.tests.test_seo.TestLocationMetaTags" name="test_location_title[middlewich-expected1]" time="0.002" /><testcase classname="backend.tests.test_seo.TestLocationMetaTags" name="test_location_title[timperley-expected2]" time="0.001" /><testcase classname="backend.tests.test_seo.TestLocationMetaTags" name="test_location_title[atherton-expected3]" time="0.002" /><testcase classname="backend.tests.test_seo.TestLocationMetaTags" name="test_location_title[chaddesden-expected4]" time="0.001" /><testcase classname="backend.tests.test_seo.TestLocationMetaTags" name="test_location_description_present_and_unique[handforth-expected0]" time="0.002" /><testcase classname="backend.tests.test_seo.TestLocationMetaTags" name="test_location_description_present_and_unique[middlewich-expected1]" time="0.001" /><testcase classname="backend.tests.test_seo.TestLocationMetaTags" name="test_location_description_present_and_unique[timperley-expected2]" time="0.002" /><testcase classname="backend.tests.test_seo.TestLocationMetaTags" name="test_location_description_present_and_unique[atherton-expected3]" time="0.001" /><testcase classname="backend.tests.test_seo.TestLocationMetaTags" name="test_location_description_present_and_unique[chaddesden-expected4]" time="0.001" /><testcase classname="backend.tests.test_seo.TestLocationMetaTags" name="test_location_og_tags[handforth-expected0]" time="0.001" /><testcase classname="backend.tests.test_seo.TestLocationMetaTags" name="test_location_og_tags[middlewich-expected1]" time="0.001" /><testcase classname="backend.tests.test_seo.TestLocationMetaTags" name="test_location_og_tags[timperley-expected2]" time="0.002" /><testcase classname="backend.tests.test_seo.TestLocationMetaTags" name="test_location_og_tags[atherton-expected3]" time="0.001" /><testcase classname="backend.tests.test_seo.TestLocationMetaTags" name="test_location_og_tags[chaddesden-expected4]" time="0.001" /><testcase classname="backend.tests.test_seo.TestLocationMetaTags" name="test_location_canonical[handforth-expected0]" time="0.002" /><testcase classname="backend.tests.test_seo.TestLocationMetaTags" name="test_location_canonical[middlewich-expected1]" time="0.002" /><testcase classname="backend.tests.test_seo.TestLocationMetaTags" name="test_location_canonical[timperley-expected2]" time="0.002" /><testcase classname="backend.tests.test_seo.TestLocationMetaTags" name="test_location_canonical[atherton-expected3]" time="0.002" /><testcase classname="backend.tests.test_seo.TestLocationMetaTags" name="test_location_canonical[chaddesden-expected4]" time="0.002" /><testcase classname="backend.tests.test_seo.TestLocationMetaTags" name="test_location_jsonld_cafe[handforth-expected0]" time="0.002" /><testcase classname="backend.tests.test_seo.TestLocationMetaTags" name="test_location_jsonld_cafe[middlewich-expected1]" time="0.002" /><testcase classname="backend.tests.test_seo.TestLocationMetaTags" name="test_location_jsonld_cafe[timperley-expected2]" time="0.002" /><testcase classname="backend.tests.test_seo.TestLocationMetaTags" name="test_location_jsonld_cafe[atherton-expected3]" time="0.002" /><testcase classname="backend.tests.test_seo.TestLocationMetaTags" name="test_location_jsonld_cafe[chaddesden-expected4]" time="0.002" /><testcase classname="backend.tests.test_seo.TestCorePageMeta" name="test_core_title_unique_and_correct[-expected0]" time="0.002" /><testcase classname="backend.tests.test_seo.TestCorePageMeta" name="test_core_title_unique_and_correct[menu-catalog-expected1]" time="0.002" /><testcase classname="backend.tests.test_seo.TestCorePageMeta" name="test_core_title_unique_and_correct[contact-us-expected2]" time="0.002" /><testcase classname="backend.tests.test_seo.TestCorePageMeta" name="test_core_title_unique_and_correct[jklocations-expected3]" time="0.002" /><testcase classname="backend.tests.test_seo.TestCorePageMeta" name="test_core_description_unique[-expected0]" time="0.002" /><testcase classname="backend.tests.test_seo.TestCorePageMeta" name="test_core_description_unique[menu-catalog-expected1]" time="0.002" /><testcase classname="backend.tests.test_seo.TestCorePageMeta" name="test_core_description_unique[contact-us-expected2]" time="0.001" /><testcase classname="backend.tests.test_seo.TestCorePageMeta" name="test_core_description_unique[jklocations-expected3]" time="0.001" /><testcase classname="backend.tests.test_seo.TestCorePageMeta" name="test_core_canonical[-expected0]" time="0.001" /><testcase classname="backend.tests.test_seo.TestCorePageMeta" name="test_core_canonical[menu-catalog-expected1]" time="0.001" /><testcase classname="backend.tests.test_seo.TestCorePageMeta" name="test_core_canonical[contact-us-expected2]" time="0.001" /><testcase classname="backend.tests.test_seo.TestCorePageMeta" name="test_core_canonical[jklocations-expected3]" time="0.001" /><testcase classname="backend.tests.test_seo.TestCorePageMeta" name="test_core_jsonld[-expected0]" time="0.001" /><testcase classname="backend.tests.test_seo.TestCorePageMeta" name="test_core_jsonld[menu-catalog-expected1]" time="0.001" /><testcase classname="backend.tests.test_seo.TestCorePageMeta" name="test_core_jsonld[contact-us-expected2]" time="0.001" /><testcase classname="backend.tests.test_seo.TestCorePageMeta" name="test_core_jsonld[jklocations-expected3]" time="0.001" /><testcase classname="backend.tests.test_seo.TestRobots" name="test_robots_references_sitemap" time="0.006" /></testsuite></testsuites>