<?xml version="1.0" encoding="utf-8"?><testsuites name="pytest tests"><testsuite name="pytest" errors="0" failures="0" skipped="0" tests="6" time="1.460" timestamp="2026-06-27T18:33:04.952517+00:00" hostname="agent-env-3a4be02d-b92e-46d8-9044-932fe25694f9"><testcase classname="backend.tests.test_admin_bi_access" name="test_admin_can_get_bi_overview" time="0.785" /><testcase classname="backend.tests.test_admin_bi_access" name="test_admin_can_get_bi_menu_cost" time="0.155" /><testcase classname="backend.tests.test_admin_bi_access" name="test_admin_can_get_bi_ai_insights" time="0.109" /><testcase classname="backend.tests.test_admin_bi_access" name="test_admin_blocked_from_ai_settings" time="0.103" /><testcase classname="backend.tests.test_admin_bi_access" name="test_super_admin_bi_still_works" time="0.106" /><testcase classname="backend.tests.test_admin_bi_access" name="test_super_admin_ai_settings_works" time="0.141" /></testsuite></testsuites>