<?xml version="1.0" encoding="utf-8"?><testsuites name="pytest tests"><testsuite name="pytest" errors="0" failures="0" skipped="0" tests="15" time="3.101" timestamp="2026-03-28T20:52:51.753146+00:00" hostname="agent-env-3a4be02d-b92e-46d8-9044-932fe25694f9"><testcase classname="backend.tests.test_location_crud.TestPublicLocationsAPI" name="test_get_locations_returns_active_locations" time="0.547" /><testcase classname="backend.tests.test_location_crud.TestPublicLocationsAPI" name="test_locations_have_wallet_enabled_field" time="0.105" /><testcase classname="backend.tests.test_location_crud.TestAdminLocationCRUD" name="test_admin_get_all_locations" time="0.414" /><testcase classname="backend.tests.test_location_crud.TestAdminLocationCRUD" name="test_admin_create_location" time="0.162" /><testcase classname="backend.tests.test_location_crud.TestAdminLocationCRUD" name="test_admin_create_location_auto_creates_site_settings" time="0.073" /><testcase classname="backend.tests.test_location_crud.TestAdminLocationCRUD" name="test_admin_update_location_wallet_toggle" time="0.131" /><testcase classname="backend.tests.test_location_crud.TestAdminLocationCRUD" name="test_admin_update_location_name" time="0.051" /><testcase classname="backend.tests.test_location_crud.TestAdminLocationCRUD" name="test_admin_delete_location_soft_delete" time="0.221" /><testcase classname="backend.tests.test_location_crud.TestAdminLocationCRUD" name="test_admin_create_duplicate_location_fails" time="0.114" /><testcase classname="backend.tests.test_location_crud.TestAdminSiteSettings" name="test_admin_get_site_settings_returns_active_only" time="0.481" /><testcase classname="backend.tests.test_location_crud.TestAuthRequired" name="test_admin_locations_requires_auth" time="0.115" /><testcase classname="backend.tests.test_location_crud.TestAuthRequired" name="test_admin_create_location_requires_auth" time="0.143" /><testcase classname="backend.tests.test_location_crud.TestAuthRequired" name="test_admin_update_location_requires_auth" time="0.187" /><testcase classname="backend.tests.test_location_crud.TestAuthRequired" name="test_admin_delete_location_requires_auth" time="0.117" /><testcase classname="backend.tests.test_location_crud.TestAuthRequired" name="test_admin_site_settings_requires_auth" time="0.146" /></testsuite></testsuites>