<?xml version="1.0" encoding="utf-8"?><testsuites name="pytest tests"><testsuite name="pytest" errors="0" failures="0" skipped="0" tests="6" time="1.180" timestamp="2026-06-30T05:13:42.246855+00:00" hostname="agent-env-3a4be02d-b92e-46d8-9044-932fe25694f9"><testcase classname="tests.test_invoice_date_filter.TestStockSpendHelper" name="test_june_window_only_includes_blank_date_uploads" time="0.003" /><testcase classname="tests.test_invoice_date_filter.TestStockSpendHelper" name="test_march_window_includes_printed_march_invoice" time="0.001" /><testcase classname="tests.test_invoice_date_filter.TestStockSpendHelper" name="test_july_window_excludes_all_seeds" time="0.001" /><testcase classname="tests.test_invoice_date_filter.TestInvoiceListDateFilter" name="test_june_filter_excludes_march_invoice" time="0.618" /><testcase classname="tests.test_invoice_date_filter.TestInvoiceListDateFilter" name="test_march_filter_includes_only_march_invoice" time="0.100" /><testcase classname="tests.test_invoice_date_filter.TestInvoiceListDateFilter" name="test_july_filter_excludes_all_seeded" time="0.157" /></testsuite></testsuites>