<?xml version="1.0" encoding="utf-8"?><testsuites name="pytest tests"><testsuite name="pytest" errors="0" failures="0" skipped="0" tests="11" time="4.302" timestamp="2026-05-02T11:04:15.035060+00:00" hostname="agent-env-3a4be02d-b92e-46d8-9044-932fe25694f9"><testcase classname="tests.test_daily_checks" name="test_get_checklist_items" time="0.733" /><testcase classname="tests.test_daily_checks" name="test_get_items_unauthenticated" time="0.143" /><testcase classname="tests.test_daily_checks" name="test_submit_and_get_daily_check" time="0.570" /><testcase classname="tests.test_daily_checks" name="test_history_admin" time="0.111" /><testcase classname="tests.test_daily_checks" name="test_completion_grid" time="0.111" /><testcase classname="tests.test_daily_checks" name="test_staff_cannot_access_history_and_completion" time="0.221" /><testcase classname="tests.test_daily_checks" name="test_items_crud_and_scope" time="1.458" /><testcase classname="tests.test_daily_checks" name="test_items_admin_only_gating" time="0.442" /><testcase classname="tests.test_daily_checks" name="test_update_nonexistent_item_returns_404" time="0.098" /><testcase classname="tests.test_daily_checks" name="test_delete_nonexistent_item_returns_404" time="0.107" /><testcase classname="tests.test_daily_checks" name="test_create_item_validation_short_text" time="0.222" /></testsuite></testsuites>